<?xml version="1.0" encoding="UTF-8"?>
<!-- Generated by org.testng.reporters.JUnitReportReporter -->
<testsuite hostname="DESKTOP-1NI5ADC" failures="0" tests="13" name="com.CuraHealthLogin.ExecutingInnvocatonCoung" time="0.095" errors="0" timestamp="2025-03-08T15:56:25 IST" skipped="0">
  <testcase classname="com.CuraHealthLogin.ExecutingInnvocatonCoung" name="login" time="0.006">
    <system-out>
      <![CDATA[login successfully]]>
    </system-out>
  </testcase> <!-- login -->
  <testcase classname="com.CuraHealthLogin.ExecutingInnvocatonCoung" name="login" time="0.029">
    <system-out>
      <![CDATA[login successfully]]>
    </system-out>
  </testcase> <!-- login -->
  <testcase classname="com.CuraHealthLogin.ExecutingInnvocatonCoung" name="login" time="0.009">
    <system-out>
      <![CDATA[login successfully]]>
    </system-out>
  </testcase> <!-- login -->
  <testcase classname="com.CuraHealthLogin.ExecutingInnvocatonCoung" name="login" time="0.004">
    <system-out>
      <![CDATA[login successfully]]>
    </system-out>
  </testcase> <!-- login -->
  <testcase classname="com.CuraHealthLogin.ExecutingInnvocatonCoung" name="login" time="0.004">
    <system-out>
      <![CDATA[login successfully]]>
    </system-out>
  </testcase> <!-- login -->
  <testcase classname="com.CuraHealthLogin.ExecutingInnvocatonCoung" name="login" time="0.006">
    <system-out>
      <![CDATA[login successfully]]>
    </system-out>
  </testcase> <!-- login -->
  <testcase classname="com.CuraHealthLogin.ExecutingInnvocatonCoung" name="login" time="0.007">
    <system-out>
      <![CDATA[login successfully]]>
    </system-out>
  </testcase> <!-- login -->
  <testcase classname="com.CuraHealthLogin.ExecutingInnvocatonCoung" name="login" time="0.005">
    <system-out>
      <![CDATA[login successfully]]>
    </system-out>
  </testcase> <!-- login -->
  <testcase classname="com.CuraHealthLogin.ExecutingInnvocatonCoung" name="login" time="0.006">
    <system-out>
      <![CDATA[login successfully]]>
    </system-out>
  </testcase> <!-- login -->
  <testcase classname="com.CuraHealthLogin.ExecutingInnvocatonCoung" name="login" time="0.004">
    <system-out>
      <![CDATA[login successfully]]>
    </system-out>
  </testcase> <!-- login -->
  <testcase classname="com.CuraHealthLogin.ExecutingInnvocatonCoung" name="settings" time="0.006">
    <system-out>
      <![CDATA[change the settings]]>
    </system-out>
  </testcase> <!-- settings -->
  <testcase classname="com.CuraHealthLogin.ExecutingInnvocatonCoung" name="notification" time="0.005">
    <system-out>
      <![CDATA[This is the notification]]>
    </system-out>
  </testcase> <!-- notification -->
  <testcase classname="com.CuraHealthLogin.ExecutingInnvocatonCoung" name="friendRequest" time="0.004">
    <system-out>
      <![CDATA[This is the friend request ]]>
    </system-out>
  </testcase> <!-- friendRequest -->
  <system-out>
    <![CDATA[login successfully
login successfully
login successfully
login successfully
login successfully
login successfully
login successfully
login successfully
login successfully
login successfully
This is the friend request 
This is the notification
change the settings]]>
  </system-out>
</testsuite> <!-- com.CuraHealthLogin.ExecutingInnvocatonCoung -->
