<?xml version="1.0" encoding="UTF-8"?>
<!-- Generated by org.testng.reporters.JUnitReportReporter -->
<testsuite hostname="DESKTOP-1NI5ADC" failures="0" tests="2" name="com.ExecutingTestNG.ExecutingTestNG1" time="0.053" errors="0" timestamp="2025-03-07T20:56:32 IST" skipped="0">
  <testcase classname="com.ExecutingTestNG.ExecutingTestNG1" name="testMethod2" time="0.017">
    <system-out>
      <![CDATA[This is the test method 2]]>
    </system-out>
  </testcase> <!-- testMethod2 -->
  <testcase classname="com.ExecutingTestNG.ExecutingTestNG1" name="testMethod1" time="0.036">
    <system-out>
      <![CDATA[This is the test method 1]]>
    </system-out>
  </testcase> <!-- testMethod1 -->
  <system-out>
    <![CDATA[this is before suite
this is before test
this is before class
this is before method
This is the test method 1
this is after method
this is before method
This is the test method 2
this is after method
this is after class
this is before class
this is before method
This is the test method 3
this is after method
this is before method
This is the test method 4
this is after method
this is after class
this is after test
this is after suite]]>
  </system-out>
</testsuite> <!-- com.ExecutingTestNG.ExecutingTestNG1 -->
