<?xml version="1.0" encoding="UTF-8"?>
<!-- Generated by org.testng.reporters.JUnitReportReporter -->
<testsuite hostname="DESKTOP-1NI5ADC" failures="0" tests="2" name="com.CuraHealthLogin.ExecutingTestNg1" time="20.603" errors="0" timestamp="2025-03-10T19:14:14 IST" skipped="0">
  <testcase classname="com.CuraHealthLogin.ExecutingTestNg1" name="testMethod2" time="8.269"/>
  <testcase classname="com.CuraHealthLogin.ExecutingTestNg1" name="testMethod1" time="12.334">
    <system-out>
      <![CDATA[both urls are correct 
]]>
    </system-out>
  </testcase> <!-- testMethod1 -->
  <system-out>
    <![CDATA[both urls are correct 
]]>
  </system-out>
</testsuite> <!-- com.CuraHealthLogin.ExecutingTestNg1 -->
