<?xml version="1.0" encoding="UTF-8"?>
<!-- Generated by org.testng.reporters.JUnitReportReporter -->
<testsuite hostname="DESKTOP-1NI5ADC" failures="0" tests="2" name="com.CuraHealthLogin.DependOnMethod" time="0.048" errors="0" timestamp="2025-03-08T15:36:18 IST" skipped="0">
  <testcase classname="com.CuraHealthLogin.DependOnMethod" name="friendRequest" time="0.005">
    <system-out>
      <![CDATA[This is the friend request ]]>
    </system-out>
  </testcase> <!-- friendRequest -->
  <testcase classname="com.CuraHealthLogin.DependOnMethod" name="login" time="0.043">
    <system-out>
      <![CDATA[This is the login]]>
    </system-out>
  </testcase> <!-- login -->
  <system-out>
    <![CDATA[This is the login
This is the friend request ]]>
  </system-out>
</testsuite> <!-- com.CuraHealthLogin.DependOnMethod -->
