<?xml version="1.0" encoding="UTF-8"?>
<!-- Generated by org.testng.reporters.JUnitReportReporter -->
<testsuite hostname="DESKTOP-1NI5ADC" failures="0" tests="2" name="com.CuraHealthCareListener.ExecutingParallelTest1" time="25.873" errors="0" timestamp="2025-03-12T18:56:04 IST" skipped="0">
  <testcase classname="com.CuraHealthCareListener.ExecutingParallelTest1" name="checkURL" time="15.459">
    <system-out>
      <![CDATA[both url are same]]>
    </system-out>
  </testcase> <!-- checkURL -->
  <testcase classname="com.CuraHealthCareListener.ExecutingParallelTest1" name="checkURL" time="10.414">
    <system-out>
      <![CDATA[both url are same]]>
    </system-out>
  </testcase> <!-- checkURL -->
  <system-out>
    <![CDATA[both url are same
both url are same]]>
  </system-out>
</testsuite> <!-- com.CuraHealthCareListener.ExecutingParallelTest1 -->
