<?xml version="1.0" encoding="UTF-8"?>
<!-- Generated by org.testng.reporters.JUnitReportReporter -->
<testsuite hostname="DESKTOP-1NI5ADC" failures="0" tests="2" name="ExecutingTestNG2" time="0.032" errors="0" timestamp="2025-03-07T15:41:10 IST" skipped="0">
  <testcase classname="ExecutingTestNG2" name="testMethod3" time="0.024">
    <system-out>
      <![CDATA[This is the test method 3]]>
    </system-out>
  </testcase> <!-- testMethod3 -->
  <testcase classname="ExecutingTestNG2" name="testMethod4" time="0.008">
    <system-out>
      <![CDATA[This is the test method 4]]>
    </system-out>
  </testcase> <!-- testMethod4 -->
  <system-out>
    <![CDATA[this is before suite
this is before test
this is before class
this is before method
This is the test method 3
this is before method
this is before method
This is the test method 4
this is before method
this is before method
this is before method
this is before method]]>
  </system-out>
</testsuite> <!-- ExecutingTestNG2 -->
