<?xml version="1.0" encoding="UTF-8"?>
<!-- Generated by org.testng.reporters.JUnitReportReporter -->
<testsuite hostname="DESKTOP-1NI5ADC" failures="0" tests="21" name="com.CurahealthcareDataprovider.ExecutingTestNgUsingExcel" time="0.160" errors="0" timestamp="2025-03-10T15:42:22 IST" skipped="0">
  <testcase classname="com.CurahealthcareDataprovider.ExecutingTestNgUsingExcel" name="login" time="0.013">
    <system-out>
      <![CDATA[the first data is -  the second data is - ]]>
    </system-out>
  </testcase> <!-- login -->
  <testcase classname="com.CurahealthcareDataprovider.ExecutingTestNgUsingExcel" name="login" time="0.004">
    <system-out>
      <![CDATA[the first data is -  the second data is - ]]>
    </system-out>
  </testcase> <!-- login -->
  <testcase classname="com.CurahealthcareDataprovider.ExecutingTestNgUsingExcel" name="login" time="0.005">
    <system-out>
      <![CDATA[the first data is -  the second data is - ]]>
    </system-out>
  </testcase> <!-- login -->
  <testcase classname="com.CurahealthcareDataprovider.ExecutingTestNgUsingExcel" name="login" time="0.009">
    <system-out>
      <![CDATA[the first data is - null the second data is - null]]>
    </system-out>
  </testcase> <!-- login -->
  <testcase classname="com.CurahealthcareDataprovider.ExecutingTestNgUsingExcel" name="login" time="0.005">
    <system-out>
      <![CDATA[the first data is -  the second data is - ]]>
    </system-out>
  </testcase> <!-- login -->
  <testcase classname="com.CurahealthcareDataprovider.ExecutingTestNgUsingExcel" name="login" time="0.005">
    <system-out>
      <![CDATA[the first data is -  the second data is - ]]>
    </system-out>
  </testcase> <!-- login -->
  <testcase classname="com.CurahealthcareDataprovider.ExecutingTestNgUsingExcel" name="login" time="0.007">
    <system-out>
      <![CDATA[the first data is - null the second data is - null]]>
    </system-out>
  </testcase> <!-- login -->
  <testcase classname="com.CurahealthcareDataprovider.ExecutingTestNgUsingExcel" name="login" time="0.003">
    <system-out>
      <![CDATA[the first data is -  the second data is - ]]>
    </system-out>
  </testcase> <!-- login -->
  <testcase classname="com.CurahealthcareDataprovider.ExecutingTestNgUsingExcel" name="login" time="0.004">
    <system-out>
      <![CDATA[the first data is - null the second data is - null]]>
    </system-out>
  </testcase> <!-- login -->
  <testcase classname="com.CurahealthcareDataprovider.ExecutingTestNgUsingExcel" name="login" time="0.006">
    <system-out>
      <![CDATA[the first data is - null the second data is - null]]>
    </system-out>
  </testcase> <!-- login -->
  <testcase classname="com.CurahealthcareDataprovider.ExecutingTestNgUsingExcel" name="login" time="0.007">
    <system-out>
      <![CDATA[the first data is -  the second data is - ]]>
    </system-out>
  </testcase> <!-- login -->
  <testcase classname="com.CurahealthcareDataprovider.ExecutingTestNgUsingExcel" name="login" time="0.017">
    <system-out>
      <![CDATA[the first data is -  the second data is - ]]>
    </system-out>
  </testcase> <!-- login -->
  <testcase classname="com.CurahealthcareDataprovider.ExecutingTestNgUsingExcel" name="login" time="0.026">
    <system-out>
      <![CDATA[the first data is - Date the second data is - Comments]]>
    </system-out>
  </testcase> <!-- login -->
  <testcase classname="com.CurahealthcareDataprovider.ExecutingTestNgUsingExcel" name="login" time="0.008">
    <system-out>
      <![CDATA[the first data is - null the second data is - null]]>
    </system-out>
  </testcase> <!-- login -->
  <testcase classname="com.CurahealthcareDataprovider.ExecutingTestNgUsingExcel" name="login" time="0.004">
    <system-out>
      <![CDATA[the first data is - null the second data is - null]]>
    </system-out>
  </testcase> <!-- login -->
  <testcase classname="com.CurahealthcareDataprovider.ExecutingTestNgUsingExcel" name="login" time="0.007">
    <system-out>
      <![CDATA[the first data is - null the second data is - null]]>
    </system-out>
  </testcase> <!-- login -->
  <testcase classname="com.CurahealthcareDataprovider.ExecutingTestNgUsingExcel" name="login" time="0.004">
    <system-out>
      <![CDATA[the first data is - null the second data is - null]]>
    </system-out>
  </testcase> <!-- login -->
  <testcase classname="com.CurahealthcareDataprovider.ExecutingTestNgUsingExcel" name="login" time="0.004">
    <system-out>
      <![CDATA[the first data is -  the second data is - null]]>
    </system-out>
  </testcase> <!-- login -->
  <testcase classname="com.CurahealthcareDataprovider.ExecutingTestNgUsingExcel" name="login" time="0.010">
    <system-out>
      <![CDATA[the first data is - null the second data is - null]]>
    </system-out>
  </testcase> <!-- login -->
  <testcase classname="com.CurahealthcareDataprovider.ExecutingTestNgUsingExcel" name="login" time="0.006">
    <system-out>
      <![CDATA[the first data is -  the second data is - ]]>
    </system-out>
  </testcase> <!-- login -->
  <testcase classname="com.CurahealthcareDataprovider.ExecutingTestNgUsingExcel" name="login" time="0.006">
    <system-out>
      <![CDATA[the first data is - swati the second data is - swati]]>
    </system-out>
  </testcase> <!-- login -->
  <system-out>
    <![CDATA[the first data is - Date the second data is - Comments
the first data is - swati the second data is - swati
the first data is -  the second data is - 
the first data is -  the second data is - 
the first data is -  the second data is - 
the first data is -  the second data is - 
the first data is -  the second data is - 
the first data is -  the second data is - 
the first data is -  the second data is - 
the first data is -  the second data is - 
the first data is -  the second data is - 
the first data is -  the second data is - null
the first data is - null the second data is - null
the first data is - null the second data is - null
the first data is - null the second data is - null
the first data is - null the second data is - null
the first data is - null the second data is - null
the first data is - null the second data is - null
the first data is - null the second data is - null
the first data is - null the second data is - null
the first data is - null the second data is - null]]>
  </system-out>
</testsuite> <!-- com.CurahealthcareDataprovider.ExecutingTestNgUsingExcel -->
