<?xml version="1.0" encoding="UTF-8"?>
<!-- Generated by org.testng.reporters.JUnitReportReporter -->
<testsuite hostname="DESKTOP-1NI5ADC" failures="0" tests="1" name="com.ExecutingTestNG.TestNGAnnotations" time="0.029" errors="0" timestamp="2025-03-07T20:52:19 IST" skipped="0">
  <testcase classname="com.ExecutingTestNG.TestNGAnnotations" name="testMethod1" time="0.029">
    <system-out>
      <![CDATA[This is the first test method]]>
    </system-out>
  </testcase> <!-- testMethod1 -->
  <system-out>
    <![CDATA[this is the  before suite
this is the Before test 
this is the Before class 
This is the Before method
This is the first test method
This is the after test
this is the after class
this is the after suite]]>
  </system-out>
</testsuite> <!-- com.ExecutingTestNG.TestNGAnnotations -->
