<?xml version="1.0" encoding="UTF-8"?>
<!-- Generated by org.testng.reporters.JUnitReportReporter -->
<testsuite hostname="DESKTOP-1NI5ADC" failures="0" tests="3" name="com.CuraHealthLogin.TestNGExecutionOrder" time="0.040" errors="0" timestamp="2025-03-07T16:19:35 IST" skipped="0">
  <testcase classname="com.CuraHealthLogin.TestNGExecutionOrder" name="login" time="0.004">
    <system-out>
      <![CDATA[This is the login method 3]]>
    </system-out>
  </testcase> <!-- login -->
  <testcase classname="com.CuraHealthLogin.TestNGExecutionOrder" name="friendRequest" time="0.031">
    <system-out>
      <![CDATA[This is the friendrequest method 3]]>
    </system-out>
  </testcase> <!-- friendRequest -->
  <testcase classname="com.CuraHealthLogin.TestNGExecutionOrder" name="notification" time="0.005">
    <system-out>
      <![CDATA[This is the notificatio method 3]]>
    </system-out>
  </testcase> <!-- notification -->
  <system-out>
    <![CDATA[This is the friendrequest method 3
This is the login method 3
This is the notificatio method 3]]>
  </system-out>
</testsuite> <!-- com.CuraHealthLogin.TestNGExecutionOrder -->
