<?xml version="1.0" encoding="UTF-8"?>
<!-- Generated by org.testng.reporters.JUnitReportReporter -->
<testsuite hostname="DESKTOP-1NI5ADC" failures="0" tests="7" name="com.CurahealthcareDataprovider.ExecutingTestNg" time="0.073" errors="0" timestamp="2025-03-08T19:50:07 IST" skipped="0">
  <testcase classname="com.CurahealthcareDataprovider.ExecutingTestNg" name="login" time="0.007">
    <system-out>
      <![CDATA[the first data is - selenium the second data is - cucumber the third data is - Java]]>
    </system-out>
  </testcase> <!-- login -->
  <testcase classname="com.CurahealthcareDataprovider.ExecutingTestNg" name="login" time="0.005">
    <system-out>
      <![CDATA[the first data is - javascript the second data is - cypress the third data is - react]]>
    </system-out>
  </testcase> <!-- login -->
  <testcase classname="com.CurahealthcareDataprovider.ExecutingTestNg" name="login" time="0.013">
    <system-out>
      <![CDATA[the first data is - Java the second data is - springboot the third data is - microservices]]>
    </system-out>
  </testcase> <!-- login -->
  <testcase classname="com.CurahealthcareDataprovider.ExecutingTestNg" name="settings" time="0.006">
    <system-out>
      <![CDATA[change the settings]]>
    </system-out>
  </testcase> <!-- settings -->
  <testcase classname="com.CurahealthcareDataprovider.ExecutingTestNg" name="login" time="0.005">
    <system-out>
      <![CDATA[the first data is - python the second data is - django the third data is - mongodb]]>
    </system-out>
  </testcase> <!-- login -->
  <testcase classname="com.CurahealthcareDataprovider.ExecutingTestNg" name="friendRequest" time="0.031">
    <system-out>
      <![CDATA[This is the friend request ]]>
    </system-out>
  </testcase> <!-- friendRequest -->
  <testcase classname="com.CurahealthcareDataprovider.ExecutingTestNg" name="notification" time="0.006">
    <system-out>
      <![CDATA[This is the notification]]>
    </system-out>
  </testcase> <!-- notification -->
  <system-out>
    <![CDATA[This is the friend request 
the first data is - Java the second data is - springboot the third data is - microservices
the first data is - python the second data is - django the third data is - mongodb
the first data is - selenium the second data is - cucumber the third data is - Java
the first data is - javascript the second data is - cypress the third data is - react
This is the notification
change the settings]]>
  </system-out>
</testsuite> <!-- com.CurahealthcareDataprovider.ExecutingTestNg -->
