<?xml version="1.0" encoding="UTF-8"?>
<!-- Generated by org.testng.reporters.JUnitReportReporter -->
<testsuite hostname="DESKTOP-1NI5ADC" failures="0" tests="2" name="ExecutingTestNG1" time="0.030" errors="0" timestamp="2025-03-07T15:41:37 IST" skipped="0">
  <testcase classname="ExecutingTestNG1" name="testMethod1" time="0.023">
    <system-out>
      <![CDATA[This is the test method 1]]>
    </system-out>
  </testcase> <!-- testMethod1 -->
  <testcase classname="ExecutingTestNG1" name="testMethod2" time="0.007">
    <system-out>
      <![CDATA[This is the test method 2]]>
    </system-out>
  </testcase> <!-- testMethod2 -->
  <system-out>
    <![CDATA[this is before suite
this is before test
this is before class
this is before method
This is the test method 1
this is before method
this is before method
This is the test method 2
this is before method
this is before method
this is before method
this is before method]]>
  </system-out>
</testsuite> <!-- ExecutingTestNG1 -->
