<?xml version="1.0" encoding="UTF-8"?>
<!-- Generated by org.testng.reporters.JUnitReportReporter -->
<testsuite hostname="DESKTOP-1NI5ADC" failures="0" tests="1" name="ExecutingTestNG" time="0.030" errors="0" timestamp="2025-03-05T16:50:59 IST" skipped="0">
  <testcase classname="ExecutingTestNG" name="testMethod" time="0.030"/>
</testsuite> <!-- ExecutingTestNG -->
