<?xml version="1.0" encoding="UTF-8"?>
<!-- Generated by org.testng.reporters.JUnitReportReporter -->
<testsuite hostname="DESKTOP-1NI5ADC" failures="0" tests="13" name="com.CuraHealthLogin.ExecutingTestNG1$DependOnMethod" time="0.074" errors="0" timestamp="2025-03-08T15:38:12 IST" skipped="0">
  <testcase classname="com.CuraHealthLogin.ExecutingTestNG1$DependOnMethod" name="login" time="0.004">
    <system-out>
      <![CDATA[This is the login]]>
    </system-out>
  </testcase> <!-- login -->
  <testcase classname="com.CuraHealthLogin.ExecutingTestNG1$DependOnMethod" name="login" time="0.002">
    <system-out>
      <![CDATA[This is the login]]>
    </system-out>
  </testcase> <!-- login -->
  <testcase classname="com.CuraHealthLogin.ExecutingTestNG1$DependOnMethod" name="settings" time="0.002">
    <system-out>
      <![CDATA[This is the settings]]>
    </system-out>
  </testcase> <!-- settings -->
  <testcase classname="com.CuraHealthLogin.ExecutingTestNG1$DependOnMethod" name="login" time="0.005">
    <system-out>
      <![CDATA[This is the login]]>
    </system-out>
  </testcase> <!-- login -->
  <testcase classname="com.CuraHealthLogin.ExecutingTestNG1$DependOnMethod" name="login" time="0.005">
    <system-out>
      <![CDATA[This is the login]]>
    </system-out>
  </testcase> <!-- login -->
  <testcase classname="com.CuraHealthLogin.ExecutingTestNG1$DependOnMethod" name="login" time="0.004">
    <system-out>
      <![CDATA[This is the login]]>
    </system-out>
  </testcase> <!-- login -->
  <testcase classname="com.CuraHealthLogin.ExecutingTestNG1$DependOnMethod" name="friendRequest" time="0.024">
    <system-out>
      <![CDATA[This is the friend request ]]>
    </system-out>
  </testcase> <!-- friendRequest -->
  <testcase classname="com.CuraHealthLogin.ExecutingTestNG1$DependOnMethod" name="login" time="0.004">
    <system-out>
      <![CDATA[This is the login]]>
    </system-out>
  </testcase> <!-- login -->
  <testcase classname="com.CuraHealthLogin.ExecutingTestNG1$DependOnMethod" name="login" time="0.007">
    <system-out>
      <![CDATA[This is the login]]>
    </system-out>
  </testcase> <!-- login -->
  <testcase classname="com.CuraHealthLogin.ExecutingTestNG1$DependOnMethod" name="login" time="0.003">
    <system-out>
      <![CDATA[This is the login]]>
    </system-out>
  </testcase> <!-- login -->
  <testcase classname="com.CuraHealthLogin.ExecutingTestNG1$DependOnMethod" name="notification" time="0.005">
    <system-out>
      <![CDATA[This is the notification]]>
    </system-out>
  </testcase> <!-- notification -->
  <testcase classname="com.CuraHealthLogin.ExecutingTestNG1$DependOnMethod" name="login" time="0.003">
    <system-out>
      <![CDATA[This is the login]]>
    </system-out>
  </testcase> <!-- login -->
  <testcase classname="com.CuraHealthLogin.ExecutingTestNG1$DependOnMethod" name="login" time="0.006">
    <system-out>
      <![CDATA[This is the login]]>
    </system-out>
  </testcase> <!-- login -->
  <system-out>
    <![CDATA[This is the friend request 
This is the login
This is the login
This is the login
This is the login
This is the login
This is the login
This is the login
This is the login
This is the login
This is the login
This is the notification
This is the settings]]>
  </system-out>
</testsuite> <!-- com.CuraHealthLogin.ExecutingTestNG1$DependOnMethod -->
