<?xml version="1.0" encoding="UTF-8"?>
<!-- Generated by org.testng.reporters.JUnitReportReporter -->
<testsuite hostname="DESKTOP-1NI5ADC" failures="0" tests="4" name="com.CuraHealthCareListener.ExecutingTestNG1" time="0.093" errors="0" timestamp="2025-03-12T19:06:03 IST" skipped="0">
  <testcase classname="com.CuraHealthCareListener.ExecutingTestNG1" name="testMethod3" time="0.060">
    <system-out>
      <![CDATA[This is the test method 3]]>
    </system-out>
  </testcase> <!-- testMethod3 -->
  <testcase classname="com.CuraHealthCareListener.ExecutingTestNG1" name="testMethod4" time="0.009">
    <system-out>
      <![CDATA[This is the test method 4]]>
    </system-out>
  </testcase> <!-- testMethod4 -->
  <testcase classname="com.CuraHealthCareListener.ExecutingTestNG1" name="testMethod3" time="0.010">
    <system-out>
      <![CDATA[This is the test method 3]]>
    </system-out>
  </testcase> <!-- testMethod3 -->
  <testcase classname="com.CuraHealthCareListener.ExecutingTestNG1" name="testMethod4" time="0.014">
    <system-out>
      <![CDATA[This is the test method 4]]>
    </system-out>
  </testcase> <!-- testMethod4 -->
  <system-out>
    <![CDATA[this is before suite
this is before test
this is before test
this is before class
this is before class
this is before method
this is before method
This is the test method 1
this is after method
This is the test method 1
this is after method
this is before method
This is the test method 2
this is before method
This is the test method 2
this is after method
this is after class
this is before class
this is before method
this is after method
This is the test method 3
this is after method
this is after class
this is before class
this is before method
This is the test method 4
this is after method
this is after class
this is before method
this is after test
This is the test method 3
this is after method
this is before method
This is the test method 4
this is after method
this is after class
this is after test
this is after suite]]>
  </system-out>
</testsuite> <!-- com.CuraHealthCareListener.ExecutingTestNG1 -->
