<?xml version="1.0" encoding="UTF-8"?>
<!-- Generated by org.testng.reporters.JUnitReportReporter -->
<testsuite hostname="DESKTOP-1NI5ADC" failures="0" tests="2" name="com.ExecutingTestNG.ExecutingTestNG2" time="0.018" errors="0" timestamp="2025-03-07T20:56:32 IST" skipped="0">
  <testcase classname="com.ExecutingTestNG.ExecutingTestNG2" name="testMethod4" time="0.010">
    <system-out>
      <![CDATA[This is the test method 4]]>
    </system-out>
  </testcase> <!-- testMethod4 -->
  <testcase classname="com.ExecutingTestNG.ExecutingTestNG2" name="testMethod3" time="0.008">
    <system-out>
      <![CDATA[This is the test method 3]]>
    </system-out>
  </testcase> <!-- testMethod3 -->
  <system-out>
    <![CDATA[this is before suite
this is before test
this is before class
this is before method
This is the test method 1
this is after method
this is before method
This is the test method 2
this is after method
this is after class
this is before class
this is before method
This is the test method 3
this is after method
this is before method
This is the test method 4
this is after method
this is after class
this is after test
this is after suite]]>
  </system-out>
</testsuite> <!-- com.ExecutingTestNG.ExecutingTestNG2 -->
